<?xml version="1.0" encoding="UTF-8"?>
<!-- Generated by org.testng.reporters.JUnitXMLReporter -->
<testsuite hostname="mrli-PC" ignored="0" name="Default test" tests="10" failures="0" timestamp="09 Jul 2017 19:16:58 GMT" time="58.549" errors="0">
  <testcase name="searchBox_validText" time="6.257" classname="com.shopkeepapp.TC_iPadButtonLayout"/>
  <testcase name="changePageName" time="0.241" classname="com.shopkeepapp.TC_iPadButtonLayout"/>
  <testcase name="addNewPage" time="3.379" classname="com.shopkeepapp.TC_iPadButtonLayout"/>
  <testcase name="deleteCurrentPage" time="1.157" classname="com.shopkeepapp.TC_iPadButtonLayout"/>
  <testcase name="dragItem_and_dropIntoPage" time="7.905" classname="com.shopkeepapp.TC_iPadButtonLayout"/>
  <testcase name="dragButton_and_dropIntoList" time="9.584" classname="com.shopkeepapp.TC_iPadButtonLayout"/>
  <testcase name="verify_TheRightNavigationArrow" time="0.878" classname="com.shopkeepapp.TC_iPadButtonLayout"/>
  <testcase name="verify_TheLeftNavigationArrow" time="0.862" classname="com.shopkeepapp.TC_iPadButtonLayout"/>
  <testcase name="verify_changingButtonText" time="6.181" classname="com.shopkeepapp.TC_iPadButtonLayout"/>
  <testcase name="verify_changingButtonColor" time="4.005" classname="com.shopkeepapp.TC_iPadButtonLayout"/>
</testsuite> <!-- Default test -->
